In file included from [01m[K/home/nvidia/Desktop/pedestrian-avoidance-capstone/src/darknet_ros/darknet_ros/src/YoloObjectDetector.cpp:15:0[m[K:
[01m[K/home/nvidia/Desktop/pedestrian-avoidance-capstone/src/darknet_ros/darknet_ros/include/darknet_ros/YoloObjectDetector.hpp:71:44:[m[K [01;31m[Kfatal error: [m[Kdarknet_ros/image_interface.h: No such file or directory
compilation terminated.
make[2]: *** [CMakeFiles/darknet_ros_lib.dir/src/YoloObjectDetector.cpp.o] Error 1
make[2]: *** Waiting for unfinished jobs....
make[1]: *** [CMakeFiles/darknet_ros_lib.dir/all] Error 2
make: *** [all] Error 2
