[01m[K/home/nvidia/Desktop/pedestrian-avoidance-capstone/src/darknet_ros/darknet_ros/src/YoloObjectDetector.cpp:[m[K In member function â€˜[01m[Kvoid darknet_ros::YoloObjectDetector::Coordinates(int, int, int, int, int)[m[Kâ€™:
[01m[K/home/nvidia/Desktop/pedestrian-avoidance-capstone/src/darknet_ros/darknet_ros/src/YoloObjectDetector.cpp:798:52:[m[K [01;31m[Kerror: [m[Kâ€˜[01m[KYcenter[m[Kâ€™ was not declared in this scope
             Value=(float)DepthImageCopy_.at<float>(Ycenter,Xcenter)
[01;32m[K                                                    ^[m[K
[01m[K/home/nvidia/Desktop/pedestrian-avoidance-capstone/src/darknet_ros/darknet_ros/src/YoloObjectDetector.cpp:798:60:[m[K [01;31m[Kerror: [m[Kâ€˜[01m[KXcenter[m[Kâ€™ was not declared in this scope
             Value=(float)DepthImageCopy_.at<float>(Ycenter,Xcenter)
[01;32m[K                                                            ^[m[K
make[2]: *** [CMakeFiles/darknet_ros_lib.dir/src/YoloObjectDetector.cpp.o] Error 1
make[1]: *** [CMakeFiles/darknet_ros_lib.dir/all] Error 2
make: *** [all] Error 2
