[01m[K/home/nvidia/Desktop/pedestrian-avoidance-capstone/src/darknet_ros/darknet_ros/src/YoloObjectDetector.cpp:[m[K In lambda function:
[01m[K/home/nvidia/Desktop/pedestrian-avoidance-capstone/src/darknet_ros/darknet_ros/src/YoloObjectDetector.cpp:523:25:[m[K [01;31m[Kerror: [m[Kexpected â€˜[01m[K{[m[Kâ€™ before â€˜[01m[K;[m[Kâ€™ token
       demoAlphabet_ = [];
[01;32m[K                         ^[m[K
[01m[K/home/nvidia/Desktop/pedestrian-avoidance-capstone/src/darknet_ros/darknet_ros/src/YoloObjectDetector.cpp:[m[K In member function â€˜[01m[Kvoid darknet_ros::YoloObjectDetector::setupNetwork(char*, char*, char*, float, char**, int, int, char*, int, float, int, int, int, int)[m[Kâ€™:
[01m[K/home/nvidia/Desktop/pedestrian-avoidance-capstone/src/darknet_ros/darknet_ros/src/YoloObjectDetector.cpp:523:21:[m[K [01;31m[Kerror: [m[Kcannot convert â€˜[01m[Kdarknet_ros::YoloObjectDetector::setupNetwork(char*, char*, char*, float, char**, int, int, char*, int, float, int, int, int, int)::<lambda()>[m[Kâ€™ to â€˜[01m[Kimage**[m[Kâ€™ in assignment
       demoAlphabet_ = [];
[01;32m[K                     ^[m[K
make[2]: *** [CMakeFiles/darknet_ros_lib.dir/src/YoloObjectDetector.cpp.o] Error 1
make[1]: *** [CMakeFiles/darknet_ros_lib.dir/all] Error 2
make: *** [all] Error 2
