In file included from [01m[K/opt/ros/kinetic/include/ros/ros.h:40:0[m[K,
                 from [01m[K/home/nvidia/Desktop/pedestrian-avoidance-capstone/src/teb_local_planner/include/teb_local_planner/teb_local_planner_ros.h:42[m[K,
                 from [01m[K/home/nvidia/Desktop/pedestrian-avoidance-capstone/src/teb_local_planner/src/teb_local_planner_ros.cpp:39[m[K:
[01m[K/home/nvidia/Desktop/pedestrian-avoidance-capstone/src/teb_local_planner/src/teb_local_planner_ros.cpp:[m[K In member function â€˜[01m[Kvirtual bool teb_local_planner::TebLocalPlannerROS::computeVelocityCommands(geometry_msgs::Twist&)[m[Kâ€™:
[01m[K/home/nvidia/Desktop/pedestrian-avoidance-capstone/src/teb_local_planner/src/teb_local_planner_ros.cpp:327:45:[m[K [01;31m[Kerror: [m[Kinvalid conversion from â€˜[01m[Kstd::vector<darknet_ros_msgs::BoundingBox_<std::allocator<void> >, std::allocator<darknet_ros_msgs::BoundingBox_<std::allocator<void> > > >::size_type {aka long unsigned int}[m[Kâ€™ to â€˜[01m[Kconst char*[m[Kâ€™ [-fpermissive]
   ROS_INFO(pedestrian_detected_objects_.size());
[01;32m[K                                             ^[m[K
[01m[K/opt/ros/kinetic/include/ros/console.h:156:22:[m[K [01;36m[Knote: [m[K  initializing argument 7 of â€˜[01m[Kvoid ros::console::print(ros::console::FilterBase*, void*, ros::console::Level, const char*, int, const char*, const char*, ...)[m[Kâ€™
 ROSCONSOLE_DECL void print(FilterBase* filter, void* logger, Level level,
[01;32m[K                      ^[m[K
make[2]: *** [CMakeFiles/teb_local_planner.dir/src/teb_local_planner_ros.cpp.o] Error 1
make[1]: *** [CMakeFiles/teb_local_planner.dir/all] Error 2
make: *** [all] Error 2
