[01m[K/home/nvidia/Desktop/pedestrian-avoidance-capstone/src/teb_local_planner/src/teb_local_planner_ros.cpp:[m[K In member function â€˜[01m[Kvirtual void teb_local_planner::TebLocalPlannerROS::initialize(std::__cxx11::string, tf::TransformListener*, costmap_2d::Costmap2DROS*)[m[Kâ€™:
[01m[K/home/nvidia/Desktop/pedestrian-avoidance-capstone/src/teb_local_planner/src/teb_local_planner_ros.cpp:172:65:[m[K [01;31m[Kerror: [m[Kâ€˜[01m[KpedestrianDetectionCB[m[Kâ€™ is not a member of â€˜[01m[Kteb_local_planner::TebLocalPlannerROS[m[Kâ€™
     pedestrian_detection_sub_ = nh.subscribe("darknet_ros", 1, &TebLocalPlannerROS::pedestrianDetectionCB, this);
[01;32m[K                                                                 ^[m[K
[01m[K/home/nvidia/Desktop/pedestrian-avoidance-capstone/src/teb_local_planner/src/teb_local_planner_ros.cpp:[m[K In member function â€˜[01m[Kvirtual bool teb_local_planner::TebLocalPlannerROS::computeVelocityCommands(geometry_msgs::Twist&)[m[Kâ€™:
[01m[K/home/nvidia/Desktop/pedestrian-avoidance-capstone/src/teb_local_planner/src/teb_local_planner_ros.cpp:333:5:[m[K [01;31m[Kerror: [m[Kâ€˜[01m[Klast_cmd[m[Kâ€™ was not declared in this scope
     last_cmd = cmd_vel;
[01;32m[K     ^[m[K
[01m[K/home/nvidia/Desktop/pedestrian-avoidance-capstone/src/teb_local_planner/src/teb_local_planner_ros.cpp:[m[K In member function â€˜[01m[Kvoid teb_local_planner::TebLocalPlannerROS::pedestrianDetectedCB(const ConstPtr&)[m[Kâ€™:
[01m[K/home/nvidia/Desktop/pedestrian-avoidance-capstone/src/teb_local_planner/src/teb_local_planner_ros.cpp:1002:50:[m[K [01;31m[Kerror: [m[Kâ€˜[01m[Kconst ConstPtr {aka const class boost::shared_ptr<const darknet_ros_msgs::BoundingBoxes_<std::allocator<void> > >}[m[Kâ€™ has no member named â€˜[01m[Kbounding_boxes[m[Kâ€™
   pedestrian_detected_objects_ = pedestrians_msg.bounding_boxes;
[01;32m[K                                                  ^[m[K
make[2]: *** [CMakeFiles/teb_local_planner.dir/src/teb_local_planner_ros.cpp.o] Error 1
make[1]: *** [CMakeFiles/teb_local_planner.dir/all] Error 2
make: *** [all] Error 2
